<?xml version="1.0" encoding="UTF-8"?>
<coverage generated="1765396920281" clover="3.2.0">
  <project timestamp="1765396920281" name="All files">
    <metrics statements="36" coveredstatements="22" conditionals="13" coveredconditionals="7" methods="12" coveredmethods="6" elements="61" coveredelements="35" complexity="0" loc="36" ncloc="36" packages="1" files="2" classes="2"/>
    <file name="App.jsx" path="C:\Users\ASUS\Documents\proyecto-devops-featureflags\app-frontend\src\App.jsx">
      <metrics statements="35" coveredstatements="21" conditionals="13" coveredconditionals="7" methods="12" coveredmethods="6"/>
      <line num="7" count="2" type="stmt"/>
      <line num="9" count="2" type="stmt"/>
      <line num="10" count="2" type="stmt"/>
      <line num="11" count="2" type="stmt"/>
      <line num="12" count="2" type="stmt"/>
      <line num="14" count="2" type="stmt"/>
      <line num="15" count="1" type="stmt"/>
      <line num="18" count="1" type="cond" truecount="1" falsecount="1"/>
      <line num="19" count="1" type="stmt"/>
      <line num="20" count="1" type="stmt"/>
      <line num="21" count="1" type="stmt"/>
      <line num="23" count="1" type="stmt"/>
      <line num="27" count="0" type="cond" truecount="0" falsecount="2"/>
      <line num="28" count="0" type="stmt"/>
      <line num="29" count="0" type="stmt"/>
      <line num="30" count="0" type="stmt"/>
      <line num="32" count="0" type="stmt"/>
      <line num="36" count="0" type="stmt"/>
      <line num="39" count="0" type="stmt"/>
      <line num="40" count="0" type="stmt"/>
      <line num="41" count="0" type="stmt"/>
      <line num="44" count="0" type="stmt"/>
      <line num="45" count="0" type="stmt"/>
      <line num="49" count="2" type="cond" truecount="2" falsecount="0"/>
      <line num="50" count="1" type="stmt"/>
      <line num="53" count="10" type="stmt"/>
      <line num="55" count="1" type="stmt"/>
      <line num="56" count="10" type="stmt"/>
      <line num="61" count="10" type="cond" truecount="1" falsecount="2"/>
      <line num="63" count="10" type="cond" truecount="2" falsecount="0"/>
      <line num="66" count="1" type="stmt"/>
      <line num="76" count="0" type="stmt"/>
      <line num="83" count="0" type="stmt"/>
      <line num="88" count="0" type="stmt"/>
      <line num="97" count="10" type="stmt"/>
    </file>
    <file name="books.js" path="C:\Users\ASUS\Documents\proyecto-devops-featureflags\app-frontend\src\books.js">
      <metrics statements="1" coveredstatements="1" conditionals="0" coveredconditionals="0" methods="0" coveredmethods="0"/>
      <line num="1" count="1" type="stmt"/>
    </file>
  </project>
</coverage>
