<?xml version="1.0" encoding="UTF-8"?>
<coverage generated="1765396345211" clover="3.2.0">
  <project timestamp="1765396345211" name="All files">
    <metrics statements="40" coveredstatements="21" conditionals="15" coveredconditionals="7" methods="11" coveredmethods="5" elements="66" coveredelements="33" complexity="0" loc="40" ncloc="40" packages="1" files="2" classes="2"/>
    <file name="App.jsx" path="C:\Users\ASUS\Documents\proyecto-devops-featureflags\app-frontend\src\App.jsx">
      <metrics statements="39" coveredstatements="20" conditionals="15" coveredconditionals="7" methods="11" coveredmethods="5"/>
      <line num="7" count="2" type="stmt"/>
      <line num="9" count="2" type="stmt"/>
      <line num="10" count="2" type="stmt"/>
      <line num="11" count="2" type="stmt"/>
      <line num="12" count="2" type="stmt"/>
      <line num="14" count="2" type="stmt"/>
      <line num="15" count="1" type="stmt"/>
      <line num="17" count="1" type="cond" truecount="1" falsecount="1"/>
      <line num="18" count="1" type="stmt"/>
      <line num="19" count="1" type="stmt"/>
      <line num="20" count="1" type="stmt"/>
      <line num="23" count="0" type="cond" truecount="0" falsecount="2"/>
      <line num="24" count="0" type="stmt"/>
      <line num="30" count="0" type="stmt"/>
      <line num="31" count="0" type="stmt"/>
      <line num="32" count="0" type="stmt"/>
      <line num="35" count="0" type="stmt"/>
      <line num="39" count="0" type="stmt"/>
      <line num="42" count="0" type="stmt"/>
      <line num="43" count="0" type="stmt"/>
      <line num="45" count="0" type="stmt"/>
      <line num="46" count="0" type="stmt"/>
      <line num="48" count="0" type="stmt"/>
      <line num="49" count="0" type="stmt"/>
      <line num="53" count="0" type="stmt"/>
      <line num="54" count="0" type="stmt"/>
      <line num="55" count="0" type="stmt"/>
      <line num="60" count="2" type="cond" truecount="2" falsecount="0"/>
      <line num="61" count="1" type="stmt"/>
      <line num="64" count="10" type="stmt"/>
      <line num="66" count="1" type="stmt"/>
      <line num="67" count="10" type="stmt"/>
      <line num="72" count="10" type="cond" truecount="1" falsecount="2"/>
      <line num="74" count="10" type="cond" truecount="2" falsecount="0"/>
      <line num="77" count="1" type="stmt"/>
      <line num="87" count="0" type="stmt"/>
      <line num="94" count="0" type="stmt"/>
      <line num="99" count="0" type="stmt"/>
      <line num="108" count="10" type="stmt"/>
    </file>
    <file name="books.js" path="C:\Users\ASUS\Documents\proyecto-devops-featureflags\app-frontend\src\books.js">
      <metrics statements="1" coveredstatements="1" conditionals="0" coveredconditionals="0" methods="0" coveredmethods="0"/>
      <line num="1" count="1" type="stmt"/>
    </file>
  </project>
</coverage>
