{"C:\\Users\\ASUS\\Documents\\proyecto-devops-featureflags\\app-frontend\\src\\App.jsx": {"path":"C:\\Users\\ASUS\\Documents\\proyecto-devops-featureflags\\app-frontend\\src\\App.jsx","statementMap":{"0":{"start":{"line":7,"column":8},"end":{"line":7,"column":null}},"1":{"start":{"line":9,"column":24},"end":{"line":9,"column":null}},"2":{"start":{"line":10,"column":46},"end":{"line":10,"column":null}},"3":{"start":{"line":11,"column":36},"end":{"line":11,"column":null}},"4":{"start":{"line":12,"column":30},"end":{"line":12,"column":null}},"5":{"start":{"line":14,"column":4},"end":{"line":57,"column":null}},"6":{"start":{"line":15,"column":19},"end":{"line":15,"column":null}},"7":{"start":{"line":17,"column":4},"end":{"line":21,"column":null}},"8":{"start":{"line":18,"column":6},"end":{"line":18,"column":null}},"9":{"start":{"line":19,"column":6},"end":{"line":19,"column":null}},"10":{"start":{"line":20,"column":6},"end":{"line":20,"column":null}},"11":{"start":{"line":23,"column":4},"end":{"line":36,"column":null}},"12":{"start":{"line":24,"column":6},"end":{"line":28,"column":null}},"13":{"start":{"line":30,"column":6},"end":{"line":33,"column":null}},"14":{"start":{"line":31,"column":8},"end":{"line":31,"column":null}},"15":{"start":{"line":32,"column":8},"end":{"line":32,"column":null}},"16":{"start":{"line":35,"column":6},"end":{"line":35,"column":null}},"17":{"start":{"line":39,"column":4},"end":{"line":56,"column":null}},"18":{"start":{"line":42,"column":22},"end":{"line":42,"column":null}},"19":{"start":{"line":43,"column":8},"end":{"line":43,"column":null}},"20":{"start":{"line":45,"column":23},"end":{"line":45,"column":null}},"21":{"start":{"line":46,"column":8},"end":{"line":46,"column":null}},"22":{"start":{"line":48,"column":8},"end":{"line":48,"column":null}},"23":{"start":{"line":49,"column":8},"end":{"line":49,"column":null}},"24":{"start":{"line":53,"column":8},"end":{"line":53,"column":null}},"25":{"start":{"line":54,"column":8},"end":{"line":54,"column":null}},"26":{"start":{"line":55,"column":8},"end":{"line":55,"column":null}},"27":{"start":{"line":60,"column":2},"end":{"line":62,"column":null}},"28":{"start":{"line":61,"column":4},"end":{"line":61,"column":null}},"29":{"start":{"line":64,"column":27},"end":{"line":64,"column":null}},"30":{"start":{"line":64,"column":56},"end":{"line":64,"column":66}},"31":{"start":{"line":66,"column":24},"end":{"line":75,"column":null}},"32":{"start":{"line":67,"column":20},"end":{"line":69,"column":null}},"33":{"start":{"line":72,"column":6},"end":{"line":72,"column":null}},"34":{"start":{"line":74,"column":4},"end":{"line":74,"column":null}},"35":{"start":{"line":77,"column":2},"end":{"line":113,"column":null}},"36":{"start":{"line":87,"column":25},"end":{"line":87,"column":null}},"37":{"start":{"line":94,"column":27},"end":{"line":94,"column":null}},"38":{"start":{"line":99,"column":12},"end":{"line":101,"column":null}},"39":{"start":{"line":108,"column":10},"end":{"line":110,"column":null}}},"fnMap":{"0":{"name":"App","decl":{"start":{"line":6,"column":24},"end":{"line":6,"column":30}},"loc":{"start":{"line":6,"column":30},"end":{"line":115,"column":null}},"line":6},"1":{"name":"(anonymous_1)","decl":{"start":{"line":14,"column":14},"end":{"line":14,"column":20}},"loc":{"start":{"line":14,"column":20},"end":{"line":57,"column":5}},"line":14},"2":{"name":"(anonymous_2)","decl":{"start":{"line":30,"column":29},"end":{"line":30,"column":35}},"loc":{"start":{"line":30,"column":35},"end":{"line":33,"column":7}},"line":30},"3":{"name":"(anonymous_3)","decl":{"start":{"line":41,"column":12},"end":{"line":41,"column":18}},"loc":{"start":{"line":41,"column":18},"end":{"line":50,"column":7}},"line":41},"4":{"name":"(anonymous_4)","decl":{"start":{"line":51,"column":13},"end":{"line":51,"column":14}},"loc":{"start":{"line":51,"column":22},"end":{"line":56,"column":7}},"line":51},"5":{"name":"(anonymous_5)","decl":{"start":{"line":64,"column":49},"end":{"line":64,"column":50}},"loc":{"start":{"line":64,"column":56},"end":{"line":64,"column":66}},"line":64},"6":{"name":"(anonymous_6)","decl":{"start":{"line":66,"column":37},"end":{"line":66,"column":38}},"loc":{"start":{"line":66,"column":47},"end":{"line":75,"column":3}},"line":66},"7":{"name":"(anonymous_7)","decl":{"start":{"line":87,"column":18},"end":{"line":87,"column":19}},"loc":{"start":{"line":87,"column":25},"end":{"line":87,"column":null}},"line":87},"8":{"name":"(anonymous_8)","decl":{"start":{"line":94,"column":20},"end":{"line":94,"column":21}},"loc":{"start":{"line":94,"column":27},"end":{"line":94,"column":null}},"line":94},"9":{"name":"(anonymous_9)","decl":{"start":{"line":98,"column":32},"end":{"line":98,"column":33}},"loc":{"start":{"line":99,"column":12},"end":{"line":101,"column":null}},"line":99},"10":{"name":"(anonymous_10)","decl":{"start":{"line":107,"column":27},"end":{"line":107,"column":28}},"loc":{"start":{"line":108,"column":10},"end":{"line":110,"column":null}},"line":108}},"branchMap":{"0":{"loc":{"start":{"line":17,"column":4},"end":{"line":21,"column":null}},"type":"if","locations":[{"start":{"line":17,"column":4},"end":{"line":21,"column":null}},{"start":{},"end":{}}],"line":17},"1":{"loc":{"start":{"line":23,"column":4},"end":{"line":36,"column":null}},"type":"if","locations":[{"start":{"line":23,"column":4},"end":{"line":36,"column":null}},{"start":{},"end":{}}],"line":23},"2":{"loc":{"start":{"line":25,"column":8},"end":{"line":27,"column":null}},"type":"cond-expr","locations":[{"start":{"line":26,"column":12},"end":{"line":26,"column":null}},{"start":{"line":27,"column":12},"end":{"line":27,"column":null}}],"line":25},"3":{"loc":{"start":{"line":60,"column":2},"end":{"line":62,"column":null}},"type":"if","locations":[{"start":{"line":60,"column":2},"end":{"line":62,"column":null}},{"start":{},"end":{}}],"line":60},"4":{"loc":{"start":{"line":72,"column":6},"end":{"line":72,"column":null}},"type":"binary-expr","locations":[{"start":{"line":72,"column":6},"end":{"line":72,"column":27}},{"start":{"line":72,"column":27},"end":{"line":72,"column":46}},{"start":{"line":72,"column":46},"end":{"line":72,"column":null}}],"line":72},"5":{"loc":{"start":{"line":74,"column":11},"end":{"line":74,"column":null}},"type":"binary-expr","locations":[{"start":{"line":74,"column":11},"end":{"line":74,"column":22}},{"start":{"line":74,"column":22},"end":{"line":74,"column":null}}],"line":74},"6":{"loc":{"start":{"line":91,"column":7},"end":{"line":103,"column":null}},"type":"binary-expr","locations":[{"start":{"line":91,"column":7},"end":{"line":91,"column":null}},{"start":{"line":92,"column":8},"end":{"line":103,"column":null}}],"line":91}},"s":{"0":2,"1":2,"2":2,"3":2,"4":2,"5":2,"6":1,"7":1,"8":1,"9":1,"10":1,"11":0,"12":0,"13":0,"14":0,"15":0,"16":0,"17":0,"18":0,"19":0,"20":0,"21":0,"22":0,"23":0,"24":0,"25":0,"26":0,"27":2,"28":1,"29":1,"30":10,"31":1,"32":10,"33":10,"34":10,"35":1,"36":0,"37":0,"38":0,"39":10},"f":{"0":2,"1":1,"2":0,"3":0,"4":0,"5":10,"6":10,"7":0,"8":0,"9":0,"10":10},"b":{"0":[1,0],"1":[0,0],"2":[0,0],"3":[1,1],"4":[10,0,0],"5":[10,10],"6":[1,0]},"meta":{"lastBranch":7,"lastFunction":11,"lastStatement":40,"seen":{"f:6:24:6:30":0,"s:7:8:7:Infinity":0,"s:9:24:9:Infinity":1,"s:10:46:10:Infinity":2,"s:11:36:11:Infinity":3,"s:12:30:12:Infinity":4,"s:14:4:57:Infinity":5,"f:14:14:14:20":1,"s:15:19:15:Infinity":6,"b:17:4:21:Infinity:undefined:undefined:undefined:undefined":0,"s:17:4:21:Infinity":7,"s:18:6:18:Infinity":8,"s:19:6:19:Infinity":9,"s:20:6:20:Infinity":10,"b:23:4:36:Infinity:undefined:undefined:undefined:undefined":1,"s:23:4:36:Infinity":11,"s:24:6:28:Infinity":12,"b:26:12:26:Infinity:27:12:27:Infinity":2,"s:30:6:33:Infinity":13,"f:30:29:30:35":2,"s:31:8:31:Infinity":14,"s:32:8:32:Infinity":15,"s:35:6:35:Infinity":16,"s:39:4:56:Infinity":17,"f:41:12:41:18":3,"s:42:22:42:Infinity":18,"s:43:8:43:Infinity":19,"s:45:23:45:Infinity":20,"s:46:8:46:Infinity":21,"s:48:8:48:Infinity":22,"s:49:8:49:Infinity":23,"f:51:13:51:14":4,"s:53:8:53:Infinity":24,"s:54:8:54:Infinity":25,"s:55:8:55:Infinity":26,"b:60:2:62:Infinity:undefined:undefined:undefined:undefined":3,"s:60:2:62:Infinity":27,"s:61:4:61:Infinity":28,"s:64:27:64:Infinity":29,"f:64:49:64:50":5,"s:64:56:64:66":30,"s:66:24:75:Infinity":31,"f:66:37:66:38":6,"s:67:20:69:Infinity":32,"s:72:6:72:Infinity":33,"b:72:6:72:27:72:27:72:46:72:46:72:Infinity":4,"s:74:4:74:Infinity":34,"b:74:11:74:22:74:22:74:Infinity":5,"s:77:2:113:Infinity":35,"f:87:18:87:19":7,"s:87:25:87:Infinity":36,"b:91:7:91:Infinity:92:8:103:Infinity":6,"f:94:20:94:21":8,"s:94:27:94:Infinity":37,"f:98:32:98:33":9,"s:99:12:101:Infinity":38,"f:107:27:107:28":10,"s:108:10:110:Infinity":39}}}
,"C:\\Users\\ASUS\\Documents\\proyecto-devops-featureflags\\app-frontend\\src\\books.js": {"path":"C:\\Users\\ASUS\\Documents\\proyecto-devops-featureflags\\app-frontend\\src\\books.js","statementMap":{"0":{"start":{"line":1,"column":21},"end":{"line":12,"column":1}}},"fnMap":{},"branchMap":{},"s":{"0":1},"f":{},"b":{},"meta":{"lastBranch":0,"lastFunction":0,"lastStatement":1,"seen":{"s:1:21:12:1":0}}}
}
