{"C:\\Users\\ASUS\\Documents\\proyecto-devops-featureflags\\app-frontend\\src\\App.jsx": {"path":"C:\\Users\\ASUS\\Documents\\proyecto-devops-featureflags\\app-frontend\\src\\App.jsx","statementMap":{"0":{"start":{"line":7,"column":8},"end":{"line":7,"column":null}},"1":{"start":{"line":9,"column":24},"end":{"line":9,"column":null}},"2":{"start":{"line":10,"column":46},"end":{"line":10,"column":null}},"3":{"start":{"line":11,"column":36},"end":{"line":11,"column":null}},"4":{"start":{"line":12,"column":30},"end":{"line":12,"column":null}},"5":{"start":{"line":14,"column":4},"end":{"line":47,"column":null}},"6":{"start":{"line":15,"column":19},"end":{"line":15,"column":null}},"7":{"start":{"line":18,"column":4},"end":{"line":24,"column":null}},"8":{"start":{"line":19,"column":6},"end":{"line":22,"column":null}},"9":{"start":{"line":20,"column":8},"end":{"line":20,"column":null}},"10":{"start":{"line":21,"column":8},"end":{"line":21,"column":null}},"11":{"start":{"line":23,"column":6},"end":{"line":23,"column":null}},"12":{"start":{"line":27,"column":4},"end":{"line":33,"column":null}},"13":{"start":{"line":28,"column":6},"end":{"line":31,"column":null}},"14":{"start":{"line":29,"column":8},"end":{"line":29,"column":null}},"15":{"start":{"line":30,"column":8},"end":{"line":30,"column":null}},"16":{"start":{"line":32,"column":6},"end":{"line":32,"column":null}},"17":{"start":{"line":36,"column":4},"end":{"line":46,"column":null}},"18":{"start":{"line":39,"column":23},"end":{"line":39,"column":null}},"19":{"start":{"line":40,"column":8},"end":{"line":40,"column":null}},"20":{"start":{"line":41,"column":8},"end":{"line":41,"column":null}},"21":{"start":{"line":44,"column":8},"end":{"line":44,"column":null}},"22":{"start":{"line":45,"column":8},"end":{"line":45,"column":null}},"23":{"start":{"line":49,"column":2},"end":{"line":51,"column":null}},"24":{"start":{"line":50,"column":4},"end":{"line":50,"column":null}},"25":{"start":{"line":53,"column":27},"end":{"line":53,"column":null}},"26":{"start":{"line":53,"column":56},"end":{"line":53,"column":66}},"27":{"start":{"line":55,"column":24},"end":{"line":64,"column":null}},"28":{"start":{"line":56,"column":20},"end":{"line":58,"column":null}},"29":{"start":{"line":61,"column":6},"end":{"line":61,"column":null}},"30":{"start":{"line":63,"column":4},"end":{"line":63,"column":null}},"31":{"start":{"line":66,"column":2},"end":{"line":102,"column":null}},"32":{"start":{"line":76,"column":25},"end":{"line":76,"column":null}},"33":{"start":{"line":83,"column":27},"end":{"line":83,"column":null}},"34":{"start":{"line":88,"column":12},"end":{"line":90,"column":null}},"35":{"start":{"line":97,"column":10},"end":{"line":99,"column":null}}},"fnMap":{"0":{"name":"App","decl":{"start":{"line":6,"column":24},"end":{"line":6,"column":30}},"loc":{"start":{"line":6,"column":30},"end":{"line":104,"column":null}},"line":6},"1":{"name":"(anonymous_1)","decl":{"start":{"line":14,"column":14},"end":{"line":14,"column":20}},"loc":{"start":{"line":14,"column":20},"end":{"line":47,"column":5}},"line":14},"2":{"name":"(anonymous_2)","decl":{"start":{"line":19,"column":17},"end":{"line":19,"column":23}},"loc":{"start":{"line":19,"column":23},"end":{"line":22,"column":9}},"line":19},"3":{"name":"(anonymous_3)","decl":{"start":{"line":28,"column":17},"end":{"line":28,"column":23}},"loc":{"start":{"line":28,"column":23},"end":{"line":31,"column":9}},"line":28},"4":{"name":"(anonymous_4)","decl":{"start":{"line":38,"column":12},"end":{"line":38,"column":18}},"loc":{"start":{"line":38,"column":18},"end":{"line":42,"column":7}},"line":38},"5":{"name":"(anonymous_5)","decl":{"start":{"line":43,"column":13},"end":{"line":43,"column":19}},"loc":{"start":{"line":43,"column":19},"end":{"line":46,"column":7}},"line":43},"6":{"name":"(anonymous_6)","decl":{"start":{"line":53,"column":49},"end":{"line":53,"column":50}},"loc":{"start":{"line":53,"column":56},"end":{"line":53,"column":66}},"line":53},"7":{"name":"(anonymous_7)","decl":{"start":{"line":55,"column":37},"end":{"line":55,"column":38}},"loc":{"start":{"line":55,"column":47},"end":{"line":64,"column":3}},"line":55},"8":{"name":"(anonymous_8)","decl":{"start":{"line":76,"column":18},"end":{"line":76,"column":19}},"loc":{"start":{"line":76,"column":25},"end":{"line":76,"column":null}},"line":76},"9":{"name":"(anonymous_9)","decl":{"start":{"line":83,"column":20},"end":{"line":83,"column":21}},"loc":{"start":{"line":83,"column":27},"end":{"line":83,"column":null}},"line":83},"10":{"name":"(anonymous_10)","decl":{"start":{"line":87,"column":32},"end":{"line":87,"column":33}},"loc":{"start":{"line":88,"column":12},"end":{"line":90,"column":null}},"line":88},"11":{"name":"(anonymous_11)","decl":{"start":{"line":96,"column":27},"end":{"line":96,"column":28}},"loc":{"start":{"line":97,"column":10},"end":{"line":99,"column":null}},"line":97}},"branchMap":{"0":{"loc":{"start":{"line":18,"column":4},"end":{"line":24,"column":null}},"type":"if","locations":[{"start":{"line":18,"column":4},"end":{"line":24,"column":null}},{"start":{},"end":{}}],"line":18},"1":{"loc":{"start":{"line":27,"column":4},"end":{"line":33,"column":null}},"type":"if","locations":[{"start":{"line":27,"column":4},"end":{"line":33,"column":null}},{"start":{},"end":{}}],"line":27},"2":{"loc":{"start":{"line":49,"column":2},"end":{"line":51,"column":null}},"type":"if","locations":[{"start":{"line":49,"column":2},"end":{"line":51,"column":null}},{"start":{},"end":{}}],"line":49},"3":{"loc":{"start":{"line":61,"column":6},"end":{"line":61,"column":null}},"type":"binary-expr","locations":[{"start":{"line":61,"column":6},"end":{"line":61,"column":27}},{"start":{"line":61,"column":27},"end":{"line":61,"column":46}},{"start":{"line":61,"column":46},"end":{"line":61,"column":null}}],"line":61},"4":{"loc":{"start":{"line":63,"column":11},"end":{"line":63,"column":null}},"type":"binary-expr","locations":[{"start":{"line":63,"column":11},"end":{"line":63,"column":22}},{"start":{"line":63,"column":22},"end":{"line":63,"column":null}}],"line":63},"5":{"loc":{"start":{"line":80,"column":7},"end":{"line":92,"column":null}},"type":"binary-expr","locations":[{"start":{"line":80,"column":7},"end":{"line":80,"column":null}},{"start":{"line":81,"column":8},"end":{"line":92,"column":null}}],"line":80}},"s":{"0":2,"1":2,"2":2,"3":2,"4":2,"5":2,"6":1,"7":1,"8":1,"9":1,"10":1,"11":1,"12":0,"13":0,"14":0,"15":0,"16":0,"17":0,"18":0,"19":0,"20":0,"21":0,"22":0,"23":2,"24":1,"25":1,"26":10,"27":1,"28":10,"29":10,"30":10,"31":1,"32":0,"33":0,"34":0,"35":10},"f":{"0":2,"1":1,"2":1,"3":0,"4":0,"5":0,"6":10,"7":10,"8":0,"9":0,"10":0,"11":10},"b":{"0":[1,0],"1":[0,0],"2":[1,1],"3":[10,0,0],"4":[10,10],"5":[1,0]},"meta":{"lastBranch":6,"lastFunction":12,"lastStatement":36,"seen":{"f:6:24:6:30":0,"s:7:8:7:Infinity":0,"s:9:24:9:Infinity":1,"s:10:46:10:Infinity":2,"s:11:36:11:Infinity":3,"s:12:30:12:Infinity":4,"s:14:4:47:Infinity":5,"f:14:14:14:20":1,"s:15:19:15:Infinity":6,"b:18:4:24:Infinity:undefined:undefined:undefined:undefined":0,"s:18:4:24:Infinity":7,"s:19:6:22:Infinity":8,"f:19:17:19:23":2,"s:20:8:20:Infinity":9,"s:21:8:21:Infinity":10,"s:23:6:23:Infinity":11,"b:27:4:33:Infinity:undefined:undefined:undefined:undefined":1,"s:27:4:33:Infinity":12,"s:28:6:31:Infinity":13,"f:28:17:28:23":3,"s:29:8:29:Infinity":14,"s:30:8:30:Infinity":15,"s:32:6:32:Infinity":16,"s:36:4:46:Infinity":17,"f:38:12:38:18":4,"s:39:23:39:Infinity":18,"s:40:8:40:Infinity":19,"s:41:8:41:Infinity":20,"f:43:13:43:19":5,"s:44:8:44:Infinity":21,"s:45:8:45:Infinity":22,"b:49:2:51:Infinity:undefined:undefined:undefined:undefined":2,"s:49:2:51:Infinity":23,"s:50:4:50:Infinity":24,"s:53:27:53:Infinity":25,"f:53:49:53:50":6,"s:53:56:53:66":26,"s:55:24:64:Infinity":27,"f:55:37:55:38":7,"s:56:20:58:Infinity":28,"s:61:6:61:Infinity":29,"b:61:6:61:27:61:27:61:46:61:46:61:Infinity":3,"s:63:4:63:Infinity":30,"b:63:11:63:22:63:22:63:Infinity":4,"s:66:2:102:Infinity":31,"f:76:18:76:19":8,"s:76:25:76:Infinity":32,"b:80:7:80:Infinity:81:8:92:Infinity":5,"f:83:20:83:21":9,"s:83:27:83:Infinity":33,"f:87:32:87:33":10,"s:88:12:90:Infinity":34,"f:96:27:96:28":11,"s:97:10:99:Infinity":35}}}
,"C:\\Users\\ASUS\\Documents\\proyecto-devops-featureflags\\app-frontend\\src\\books.js": {"path":"C:\\Users\\ASUS\\Documents\\proyecto-devops-featureflags\\app-frontend\\src\\books.js","statementMap":{"0":{"start":{"line":1,"column":21},"end":{"line":12,"column":1}}},"fnMap":{},"branchMap":{},"s":{"0":1},"f":{},"b":{},"meta":{"lastBranch":0,"lastFunction":0,"lastStatement":1,"seen":{"s:1:21:12:1":0}}}
}
